ARM GAS  /tmp/ccDnHhNl.s 			page 1


   1              		.cpu cortex-m0plus
   2              		.fpu softvfp
   3              		.eabi_attribute 20, 1	@ Tag_ABI_FP_denormal
   4              		.eabi_attribute 21, 1	@ Tag_ABI_FP_exceptions
   5              		.eabi_attribute 23, 3	@ Tag_ABI_FP_number_model
   6              		.eabi_attribute 24, 1	@ Tag_ABI_align8_needed
   7              		.eabi_attribute 25, 1	@ Tag_ABI_align8_preserved
   8              		.eabi_attribute 26, 1	@ Tag_ABI_enum_size
   9              		.eabi_attribute 30, 1	@ Tag_ABI_optimization_goals
  10              		.eabi_attribute 34, 0	@ Tag_CPU_unaligned_access
  11              		.eabi_attribute 18, 4	@ Tag_ABI_PCS_wchar_t
  12              		.file	"__arm_start.c"
  13              	@ GNU C (GNU Tools for ARM Embedded Processors) version 4.8.3 20131129 (release) [ARM/embedded-4_8-
  14              	@	compiled by GNU C version 4.6.3, GMP version 4.3.2, MPFR version 2.4.2, MPC version 0.8.1
  15              	@ GGC heuristics: --param ggc-min-expand=100 --param ggc-min-heapsize=131072
  16              	@ options passed:  -I . -I ../../cpu/arm/mkl25z
  17              	@ -I ../../cpu/arm/mkl25z/loader -I ../../cpu/arm/mkl25z/dbg-io
  18              	@ -I ../../dev -I ../../platform/frdm-kl25z-rf
  19              	@ -I /home/glacsweb/arm-gcc/ARM_GCC_Support/ewl/EWL_C/include
  20              	@ -I /home/glacsweb/arm-gcc/ARM_GCC_Support/ewl/EWL_Runtime/include
  21              	@ -I /home/glacsweb/arm-gcc/lib/gcc/arm-none-eabi/4.8.3/include
  22              	@ -I /home/glacsweb/arm-gcc/lib/gcc/arm-none-eabi/4.8.3/include-fixed
  23              	@ -I /home/glacsweb/arm-gcc/arm-none-eabi/include -I ../../dev/cc1120 -I .
  24              	@ -I ../../platform/frdm-kl25z-rf/. -I ../../platform/frdm-kl25z-rf/dev
  25              	@ -I ../../platform/frdm-kl25z-rf/apps -I ../../platform/frdm-kl25z-rf/net
  26              	@ -I ../../platform/frdm-kl25z-rf/../../dev/cc1120
  27              	@ -I ../../platform/frdm-kl25z-rf/../../core/net -I ../../cpu/arm/mkl25z/.
  28              	@ -I ../../cpu/arm/mkl25z/../common/dbg-io -I ../../cpu/arm/mkl25z/loader
  29              	@ -I ../../core/dev -I ../../core/lib -I ../../core/net
  30              	@ -I ../../core/net/mac -I ../../core/net/rime -I ../../core/net/rpl
  31              	@ -I ../../core/sys -I ../../core/cfs -I ../../core/ctk
  32              	@ -I ../../core/lib/ctk -I ../../core/loader -I ../../core/.
  33              	@ -I ../../platform/frdm-kl25z-rf/ -imultilib armv6-m
  34              	@ -iprefix /home/glacsweb/arm-gcc/bin/../lib/gcc/arm-none-eabi/4.8.3/
  35              	@ -isysroot /home/glacsweb/arm-gcc/bin/../arm-none-eabi -D__USES_INITFINI__
  36              	@ -D CONTIKI=1 -D CONTIKI_TARGET_FRDM_KL25Z_RF=1 -D WITH_UIP=1
  37              	@ -D MCK=48000000 -D AUTOSTART_ENABLE -D CC11xx_CC1120=1 -D RUN_AS_SYSTEM
  38              	@ -D ROM_RUN -D __SDCC
  39              	@ -D CONTIKI_VERSION_STRING="Contiki-KL25Z-Port-18-g5a8e189"
  40              	@ ../../cpu/arm/mkl25z/./__arm_start.c -mcpu=cortex-m0plus -mthumb
  41              	@ -auxbase-strip obj_frdm-kl25z-rf/__arm_start.o -gdwarf-2 -g -O -Wall
  42              	@ -Wstrict-prototypes -fomit-frame-pointer -fverbose-asm
  43              	@ options enabled:  -faggressive-loop-optimizations -fauto-inc-dec
  44              	@ -fbranch-count-reg -fcombine-stack-adjustments -fcommon -fcompare-elim
  45              	@ -fcprop-registers -fdefer-pop -fdelete-null-pointer-checks
  46              	@ -fdwarf2-cfi-asm -fearly-inlining -feliminate-unused-debug-types
  47              	@ -fforward-propagate -ffunction-cse -fgcse-lm -fgnu-runtime
  48              	@ -fguess-branch-probability -fident -fif-conversion -fif-conversion2
  49              	@ -finline -finline-atomics -finline-functions-called-once -fipa-profile
  50              	@ -fipa-pure-const -fipa-reference -fira-hoist-pressure
  51              	@ -fira-share-save-slots -fira-share-spill-slots -fivopts
  52              	@ -fkeep-static-consts -fleading-underscore -fmath-errno -fmerge-constants
  53              	@ -fmerge-debug-strings -fmove-loop-invariants -fomit-frame-pointer
  54              	@ -fpeephole -fprefetch-loop-arrays -freg-struct-return
  55              	@ -fsched-critical-path-heuristic -fsched-dep-count-heuristic
  56              	@ -fsched-group-heuristic -fsched-interblock -fsched-last-insn-heuristic
  57              	@ -fsched-pressure -fsched-rank-heuristic -fsched-spec
ARM GAS  /tmp/ccDnHhNl.s 			page 2


  58              	@ -fsched-spec-insn-heuristic -fsched-stalled-insns-dep -fsection-anchors
  59              	@ -fshow-column -fshrink-wrap -fsigned-zeros -fsplit-ivs-in-unroller
  60              	@ -fsplit-wide-types -fstrict-volatile-bitfields -fsync-libcalls
  61              	@ -ftoplevel-reorder -ftrapping-math -ftree-bit-ccp -ftree-ccp -ftree-ch
  62              	@ -ftree-coalesce-vars -ftree-copy-prop -ftree-copyrename -ftree-cselim
  63              	@ -ftree-dce -ftree-dominator-opts -ftree-dse -ftree-forwprop -ftree-fre
  64              	@ -ftree-loop-if-convert -ftree-loop-im -ftree-loop-ivcanon
  65              	@ -ftree-loop-optimize -ftree-parallelize-loops= -ftree-phiprop -ftree-pta
  66              	@ -ftree-reassoc -ftree-scev-cprop -ftree-sink -ftree-slp-vectorize
  67              	@ -ftree-slsr -ftree-sra -ftree-ter -ftree-vect-loop-version
  68              	@ -funit-at-a-time -fvar-tracking -fvar-tracking-assignments -fverbose-asm
  69              	@ -fzero-initialized-in-bss -mlittle-endian -mpic-data-is-text-relative
  70              	@ -msched-prolog -mthumb -mvectorize-with-neon-quad
  71              	
  72              		.text
  73              	.Ltext0:
  74              		.cfi_sections	.debug_frame
  75              		.align	2
  76              		.global	__thumb_startup
  77              		.code	16
  78              		.thumb_func
  79              		.type	__thumb_startup, %function
  80              	__thumb_startup:
  81              	.LFB2:
  82              		.file 1 "../../cpu/arm/mkl25z/./__arm_start.c"
   1:../../cpu/arm/mkl25z/./__arm_start.c **** /* CodeWarrior ARM Runtime Support Library
   2:../../cpu/arm/mkl25z/./__arm_start.c **** 
   3:../../cpu/arm/mkl25z/./__arm_start.c ****  * Copyright © 2012 Freescale Semiconductors. All rights reserved.
   4:../../cpu/arm/mkl25z/./__arm_start.c **** 
   5:../../cpu/arm/mkl25z/./__arm_start.c ****  *
   6:../../cpu/arm/mkl25z/./__arm_start.c **** 
   7:../../cpu/arm/mkl25z/./__arm_start.c ****  * $Date: 2012/07/23 06:20:27 $
   8:../../cpu/arm/mkl25z/./__arm_start.c **** 
   9:../../cpu/arm/mkl25z/./__arm_start.c ****  * $Revision: 1.5 $
  10:../../cpu/arm/mkl25z/./__arm_start.c **** 
  11:../../cpu/arm/mkl25z/./__arm_start.c ****  */
  12:../../cpu/arm/mkl25z/./__arm_start.c **** 
  13:../../cpu/arm/mkl25z/./__arm_start.c **** 
  14:../../cpu/arm/mkl25z/./__arm_start.c **** 
  15:../../cpu/arm/mkl25z/./__arm_start.c **** 
  16:../../cpu/arm/mkl25z/./__arm_start.c **** 
  17:../../cpu/arm/mkl25z/./__arm_start.c **** /*
  18:../../cpu/arm/mkl25z/./__arm_start.c **** 
  19:../../cpu/arm/mkl25z/./__arm_start.c ****  *	__arm_start.c	-	entry-point for ARM programs
  20:../../cpu/arm/mkl25z/./__arm_start.c **** 
  21:../../cpu/arm/mkl25z/./__arm_start.c ****  *
  22:../../cpu/arm/mkl25z/./__arm_start.c **** 
  23:../../cpu/arm/mkl25z/./__arm_start.c ****  */
  24:../../cpu/arm/mkl25z/./__arm_start.c **** 
  25:../../cpu/arm/mkl25z/./__arm_start.c **** #include <string.h>
  26:../../cpu/arm/mkl25z/./__arm_start.c **** 
  27:../../cpu/arm/mkl25z/./__arm_start.c **** #include <stdlib.h>
  28:../../cpu/arm/mkl25z/./__arm_start.c **** 
  29:../../cpu/arm/mkl25z/./__arm_start.c **** #include <runtime_configuration.h>
  30:../../cpu/arm/mkl25z/./__arm_start.c **** 
  31:../../cpu/arm/mkl25z/./__arm_start.c **** 
  32:../../cpu/arm/mkl25z/./__arm_start.c **** 
ARM GAS  /tmp/ccDnHhNl.s 			page 3


  33:../../cpu/arm/mkl25z/./__arm_start.c **** _EWL_BEGIN_EXTERN_C
  34:../../cpu/arm/mkl25z/./__arm_start.c **** 
  35:../../cpu/arm/mkl25z/./__arm_start.c **** 
  36:../../cpu/arm/mkl25z/./__arm_start.c **** 
  37:../../cpu/arm/mkl25z/./__arm_start.c **** #if SUPPORT_SEMIHOST_ARGC_ARGV
  38:../../cpu/arm/mkl25z/./__arm_start.c **** 
  39:../../cpu/arm/mkl25z/./__arm_start.c **** #define __MAX_CMDLINE_ARGS 10
  40:../../cpu/arm/mkl25z/./__arm_start.c **** 
  41:../../cpu/arm/mkl25z/./__arm_start.c **** static char *argv[__MAX_CMDLINE_ARGS] = { 0 };
  42:../../cpu/arm/mkl25z/./__arm_start.c **** 
  43:../../cpu/arm/mkl25z/./__arm_start.c **** #else
  44:../../cpu/arm/mkl25z/./__arm_start.c **** 
  45:../../cpu/arm/mkl25z/./__arm_start.c **** static char *argv[] = { 0 };
  46:../../cpu/arm/mkl25z/./__arm_start.c **** 
  47:../../cpu/arm/mkl25z/./__arm_start.c **** #endif
  48:../../cpu/arm/mkl25z/./__arm_start.c **** 
  49:../../cpu/arm/mkl25z/./__arm_start.c **** 
  50:../../cpu/arm/mkl25z/./__arm_start.c **** 
  51:../../cpu/arm/mkl25z/./__arm_start.c **** #if __GNUC__
  52:../../cpu/arm/mkl25z/./__arm_start.c **** 
  53:../../cpu/arm/mkl25z/./__arm_start.c **** #define __call_static_initializers __init_cpp
  54:../../cpu/arm/mkl25z/./__arm_start.c **** 
  55:../../cpu/arm/mkl25z/./__arm_start.c **** #endif
  56:../../cpu/arm/mkl25z/./__arm_start.c **** 
  57:../../cpu/arm/mkl25z/./__arm_start.c **** #if SUPPORT_SEMIHOST_ARGC_ARGV
  58:../../cpu/arm/mkl25z/./__arm_start.c **** 
  59:../../cpu/arm/mkl25z/./__arm_start.c **** extern int __argc_argv(char **, int);
  60:../../cpu/arm/mkl25z/./__arm_start.c **** 
  61:../../cpu/arm/mkl25z/./__arm_start.c **** #endif /* SUPPORT_SEMIHOST_ARGC_ARGV */
  62:../../cpu/arm/mkl25z/./__arm_start.c **** 
  63:../../cpu/arm/mkl25z/./__arm_start.c **** 
  64:../../cpu/arm/mkl25z/./__arm_start.c **** 
  65:../../cpu/arm/mkl25z/./__arm_start.c **** extern void __call_static_initializers(void);
  66:../../cpu/arm/mkl25z/./__arm_start.c **** 
  67:../../cpu/arm/mkl25z/./__arm_start.c **** extern int main(int, char **);
  68:../../cpu/arm/mkl25z/./__arm_start.c **** 
  69:../../cpu/arm/mkl25z/./__arm_start.c **** 
  70:../../cpu/arm/mkl25z/./__arm_start.c **** 
  71:../../cpu/arm/mkl25z/./__arm_start.c **** #ifdef __VFPV4__
  72:../../cpu/arm/mkl25z/./__arm_start.c **** 
  73:../../cpu/arm/mkl25z/./__arm_start.c **** extern void __fp_init(void);
  74:../../cpu/arm/mkl25z/./__arm_start.c **** 
  75:../../cpu/arm/mkl25z/./__arm_start.c **** #endif /* __VFPV4__ */
  76:../../cpu/arm/mkl25z/./__arm_start.c **** 
  77:../../cpu/arm/mkl25z/./__arm_start.c **** 
  78:../../cpu/arm/mkl25z/./__arm_start.c **** 
  79:../../cpu/arm/mkl25z/./__arm_start.c **** extern void __init_registers();
  80:../../cpu/arm/mkl25z/./__arm_start.c **** 
  81:../../cpu/arm/mkl25z/./__arm_start.c **** extern void __init_hardware();
  82:../../cpu/arm/mkl25z/./__arm_start.c **** 
  83:../../cpu/arm/mkl25z/./__arm_start.c **** extern void __init_user();
  84:../../cpu/arm/mkl25z/./__arm_start.c **** 
  85:../../cpu/arm/mkl25z/./__arm_start.c **** 
  86:../../cpu/arm/mkl25z/./__arm_start.c **** 
  87:../../cpu/arm/mkl25z/./__arm_start.c **** #if defined(__APCS_ROPI)
  88:../../cpu/arm/mkl25z/./__arm_start.c **** 
  89:../../cpu/arm/mkl25z/./__arm_start.c **** extern void __init_pic();
ARM GAS  /tmp/ccDnHhNl.s 			page 4


  90:../../cpu/arm/mkl25z/./__arm_start.c **** 
  91:../../cpu/arm/mkl25z/./__arm_start.c **** #endif
  92:../../cpu/arm/mkl25z/./__arm_start.c **** 
  93:../../cpu/arm/mkl25z/./__arm_start.c **** 
  94:../../cpu/arm/mkl25z/./__arm_start.c **** 
  95:../../cpu/arm/mkl25z/./__arm_start.c **** #if defined(__APCS_RWPI)
  96:../../cpu/arm/mkl25z/./__arm_start.c **** 
  97:../../cpu/arm/mkl25z/./__arm_start.c **** extern void __init_pid();
  98:../../cpu/arm/mkl25z/./__arm_start.c **** 
  99:../../cpu/arm/mkl25z/./__arm_start.c **** #endif
 100:../../cpu/arm/mkl25z/./__arm_start.c **** 
 101:../../cpu/arm/mkl25z/./__arm_start.c **** 
 102:../../cpu/arm/mkl25z/./__arm_start.c **** 
 103:../../cpu/arm/mkl25z/./__arm_start.c **** #if defined(__APCS_ROPI) || defined(__APCS_RWPI)
 104:../../cpu/arm/mkl25z/./__arm_start.c **** 
 105:../../cpu/arm/mkl25z/./__arm_start.c **** extern void __load_static_base();
 106:../../cpu/arm/mkl25z/./__arm_start.c **** 
 107:../../cpu/arm/mkl25z/./__arm_start.c **** #endif
 108:../../cpu/arm/mkl25z/./__arm_start.c **** 
 109:../../cpu/arm/mkl25z/./__arm_start.c **** 
 110:../../cpu/arm/mkl25z/./__arm_start.c **** 
 111:../../cpu/arm/mkl25z/./__arm_start.c **** #if defined(__SEMIHOSTING)
 112:../../cpu/arm/mkl25z/./__arm_start.c **** 
 113:../../cpu/arm/mkl25z/./__arm_start.c **** extern void __init_semihost(void) _EWL_WEAK;
 114:../../cpu/arm/mkl25z/./__arm_start.c **** 
 115:../../cpu/arm/mkl25z/./__arm_start.c **** #endif
 116:../../cpu/arm/mkl25z/./__arm_start.c **** 
 117:../../cpu/arm/mkl25z/./__arm_start.c **** 
 118:../../cpu/arm/mkl25z/./__arm_start.c **** 
 119:../../cpu/arm/mkl25z/./__arm_start.c **** #if SUPPORT_ROM_TO_RAM
 120:../../cpu/arm/mkl25z/./__arm_start.c **** 
 121:../../cpu/arm/mkl25z/./__arm_start.c **** extern void __copy_rom_sections_to_ram(void);
 122:../../cpu/arm/mkl25z/./__arm_start.c **** 
 123:../../cpu/arm/mkl25z/./__arm_start.c **** extern char __S_romp[];
 124:../../cpu/arm/mkl25z/./__arm_start.c **** 
 125:../../cpu/arm/mkl25z/./__arm_start.c **** #endif
 126:../../cpu/arm/mkl25z/./__arm_start.c **** 
 127:../../cpu/arm/mkl25z/./__arm_start.c **** 
 128:../../cpu/arm/mkl25z/./__arm_start.c **** 
 129:../../cpu/arm/mkl25z/./__arm_start.c **** static void zero_fill_bss(void)
 130:../../cpu/arm/mkl25z/./__arm_start.c **** 
 131:../../cpu/arm/mkl25z/./__arm_start.c **** {
 132:../../cpu/arm/mkl25z/./__arm_start.c **** 
 133:../../cpu/arm/mkl25z/./__arm_start.c **** 	extern char __START_BSS[];
 134:../../cpu/arm/mkl25z/./__arm_start.c **** 
 135:../../cpu/arm/mkl25z/./__arm_start.c **** 	extern char __END_BSS[];
 136:../../cpu/arm/mkl25z/./__arm_start.c **** 
 137:../../cpu/arm/mkl25z/./__arm_start.c **** 
 138:../../cpu/arm/mkl25z/./__arm_start.c **** 
 139:../../cpu/arm/mkl25z/./__arm_start.c **** 	memset(__START_BSS, 0, (__END_BSS - __START_BSS));
 140:../../cpu/arm/mkl25z/./__arm_start.c **** 
 141:../../cpu/arm/mkl25z/./__arm_start.c **** }
 142:../../cpu/arm/mkl25z/./__arm_start.c **** 
 143:../../cpu/arm/mkl25z/./__arm_start.c **** 
 144:../../cpu/arm/mkl25z/./__arm_start.c **** 
 145:../../cpu/arm/mkl25z/./__arm_start.c **** #ifndef __thumb // Thumb version
 146:../../cpu/arm/mkl25z/./__arm_start.c **** 
ARM GAS  /tmp/ccDnHhNl.s 			page 5


 147:../../cpu/arm/mkl25z/./__arm_start.c **** #error Thumb startup
 148:../../cpu/arm/mkl25z/./__arm_start.c **** 
 149:../../cpu/arm/mkl25z/./__arm_start.c **** #endif
 150:../../cpu/arm/mkl25z/./__arm_start.c **** 
 151:../../cpu/arm/mkl25z/./__arm_start.c **** 
 152:../../cpu/arm/mkl25z/./__arm_start.c **** 
 153:../../cpu/arm/mkl25z/./__arm_start.c **** // To keep iar debugger happy
 154:../../cpu/arm/mkl25z/./__arm_start.c **** 
 155:../../cpu/arm/mkl25z/./__arm_start.c **** void __iar_program_start(void) _EWL_NAKED;
 156:../../cpu/arm/mkl25z/./__arm_start.c **** 
 157:../../cpu/arm/mkl25z/./__arm_start.c **** void __thumb_startup(void);
 158:../../cpu/arm/mkl25z/./__arm_start.c **** 
 159:../../cpu/arm/mkl25z/./__arm_start.c **** void __iar_program_start()
 160:../../cpu/arm/mkl25z/./__arm_start.c **** 
 161:../../cpu/arm/mkl25z/./__arm_start.c **** {
 162:../../cpu/arm/mkl25z/./__arm_start.c **** 
 163:../../cpu/arm/mkl25z/./__arm_start.c **** 	__thumb_startup();
 164:../../cpu/arm/mkl25z/./__arm_start.c **** 
 165:../../cpu/arm/mkl25z/./__arm_start.c **** }
 166:../../cpu/arm/mkl25z/./__arm_start.c **** 
 167:../../cpu/arm/mkl25z/./__arm_start.c **** 
 168:../../cpu/arm/mkl25z/./__arm_start.c **** 
 169:../../cpu/arm/mkl25z/./__arm_start.c **** 
 170:../../cpu/arm/mkl25z/./__arm_start.c **** 
 171:../../cpu/arm/mkl25z/./__arm_start.c **** void __thumb_startup(void) _EWL_NAKED;
 172:../../cpu/arm/mkl25z/./__arm_start.c **** 
 173:../../cpu/arm/mkl25z/./__arm_start.c **** void __thumb_startup(void)
 174:../../cpu/arm/mkl25z/./__arm_start.c **** 
 175:../../cpu/arm/mkl25z/./__arm_start.c **** {
  83              		.loc 1 175 0
  84              		.cfi_startproc
 176:../../cpu/arm/mkl25z/./__arm_start.c **** 
 177:../../cpu/arm/mkl25z/./__arm_start.c **** 		// Setup registers
 178:../../cpu/arm/mkl25z/./__arm_start.c **** 
 179:../../cpu/arm/mkl25z/./__arm_start.c **** 		__init_registers();
  85              		.loc 1 179 0
  86 0000 FFF7FEFF 		bl	__init_registers	@
  87              	.LVL0:
 180:../../cpu/arm/mkl25z/./__arm_start.c **** 
 181:../../cpu/arm/mkl25z/./__arm_start.c **** 
 182:../../cpu/arm/mkl25z/./__arm_start.c **** 
 183:../../cpu/arm/mkl25z/./__arm_start.c **** 		// setup hardware
 184:../../cpu/arm/mkl25z/./__arm_start.c **** 
 185:../../cpu/arm/mkl25z/./__arm_start.c **** 		__init_hardware();
  88              		.loc 1 185 0
  89 0004 FFF7FEFF 		bl	__init_hardware	@
  90              	.LVL1:
  91              	.LBB4:
  92              	.LBB5:
 139:../../cpu/arm/mkl25z/./__arm_start.c **** 	memset(__START_BSS, 0, (__END_BSS - __START_BSS));
  93              		.loc 1 139 0
  94 0008 0848     		ldr	r0, .L2	@ tmp117,
  95 000a 094A     		ldr	r2, .L2+4	@ tmp116,
  96 000c 121A     		sub	r2, r2, r0	@ D.4360, tmp116, tmp117
  97 000e 0021     		mov	r1, #0	@,
  98 0010 FFF7FEFF 		bl	memset	@
  99              	.LVL2:
ARM GAS  /tmp/ccDnHhNl.s 			page 6


 100              	.LBE5:
 101              	.LBE4:
 186:../../cpu/arm/mkl25z/./__arm_start.c **** 
 187:../../cpu/arm/mkl25z/./__arm_start.c **** 
 188:../../cpu/arm/mkl25z/./__arm_start.c **** 
 189:../../cpu/arm/mkl25z/./__arm_start.c **** 
 190:../../cpu/arm/mkl25z/./__arm_start.c **** 
 191:../../cpu/arm/mkl25z/./__arm_start.c **** #if defined(__APCS_ROPI) || defined(__APCS_RWPI)
 192:../../cpu/arm/mkl25z/./__arm_start.c **** 
 193:../../cpu/arm/mkl25z/./__arm_start.c **** 		//	static base register initialization
 194:../../cpu/arm/mkl25z/./__arm_start.c **** 
 195:../../cpu/arm/mkl25z/./__arm_start.c **** 		__load_static_base();
 196:../../cpu/arm/mkl25z/./__arm_start.c **** 
 197:../../cpu/arm/mkl25z/./__arm_start.c **** #endif
 198:../../cpu/arm/mkl25z/./__arm_start.c **** 
 199:../../cpu/arm/mkl25z/./__arm_start.c **** #if defined(__APCS_RWPI)
 200:../../cpu/arm/mkl25z/./__arm_start.c **** 
 201:../../cpu/arm/mkl25z/./__arm_start.c **** 		//	-pid
 202:../../cpu/arm/mkl25z/./__arm_start.c **** 
 203:../../cpu/arm/mkl25z/./__arm_start.c **** 		//	setup static base for SB relative position independent data
 204:../../cpu/arm/mkl25z/./__arm_start.c **** 
 205:../../cpu/arm/mkl25z/./__arm_start.c **** 		//	perform runtime relocation
 206:../../cpu/arm/mkl25z/./__arm_start.c **** 
 207:../../cpu/arm/mkl25z/./__arm_start.c **** 		__init_pid();
 208:../../cpu/arm/mkl25z/./__arm_start.c **** 
 209:../../cpu/arm/mkl25z/./__arm_start.c **** #endif
 210:../../cpu/arm/mkl25z/./__arm_start.c **** 
 211:../../cpu/arm/mkl25z/./__arm_start.c **** #if defined(__APCS_ROPI)
 212:../../cpu/arm/mkl25z/./__arm_start.c **** 
 213:../../cpu/arm/mkl25z/./__arm_start.c **** 		//	-pic
 214:../../cpu/arm/mkl25z/./__arm_start.c **** 
 215:../../cpu/arm/mkl25z/./__arm_start.c **** 		//	perform runtime relocation for position independent code
 216:../../cpu/arm/mkl25z/./__arm_start.c **** 
 217:../../cpu/arm/mkl25z/./__arm_start.c **** 		__init_pic();
 218:../../cpu/arm/mkl25z/./__arm_start.c **** 
 219:../../cpu/arm/mkl25z/./__arm_start.c **** #endif
 220:../../cpu/arm/mkl25z/./__arm_start.c **** 
 221:../../cpu/arm/mkl25z/./__arm_start.c **** 		//	zero-fill the .bss section
 222:../../cpu/arm/mkl25z/./__arm_start.c **** 
 223:../../cpu/arm/mkl25z/./__arm_start.c **** 		zero_fill_bss();
 224:../../cpu/arm/mkl25z/./__arm_start.c **** 
 225:../../cpu/arm/mkl25z/./__arm_start.c **** 
 226:../../cpu/arm/mkl25z/./__arm_start.c **** 
 227:../../cpu/arm/mkl25z/./__arm_start.c **** #if SUPPORT_ROM_TO_RAM
 228:../../cpu/arm/mkl25z/./__arm_start.c **** 
 229:../../cpu/arm/mkl25z/./__arm_start.c **** 		if (__S_romp != 0L)
 230:../../cpu/arm/mkl25z/./__arm_start.c **** 
 231:../../cpu/arm/mkl25z/./__arm_start.c **** 			__copy_rom_sections_to_ram();
 102              		.loc 1 231 0
 103 0014 FFF7FEFF 		bl	__copy_rom_sections_to_ram	@
 104              	.LVL3:
 232:../../cpu/arm/mkl25z/./__arm_start.c **** 
 233:../../cpu/arm/mkl25z/./__arm_start.c **** #endif
 234:../../cpu/arm/mkl25z/./__arm_start.c **** 
 235:../../cpu/arm/mkl25z/./__arm_start.c **** 
 236:../../cpu/arm/mkl25z/./__arm_start.c **** 
 237:../../cpu/arm/mkl25z/./__arm_start.c **** 
ARM GAS  /tmp/ccDnHhNl.s 			page 7


 238:../../cpu/arm/mkl25z/./__arm_start.c **** 
 239:../../cpu/arm/mkl25z/./__arm_start.c **** 		//      initialize the floating-point library
 240:../../cpu/arm/mkl25z/./__arm_start.c **** 
 241:../../cpu/arm/mkl25z/./__arm_start.c **** #ifdef __VFPV4__
 242:../../cpu/arm/mkl25z/./__arm_start.c **** 
 243:../../cpu/arm/mkl25z/./__arm_start.c **** 		__fp_init();
 244:../../cpu/arm/mkl25z/./__arm_start.c **** 
 245:../../cpu/arm/mkl25z/./__arm_start.c **** #endif
 246:../../cpu/arm/mkl25z/./__arm_start.c **** 
 247:../../cpu/arm/mkl25z/./__arm_start.c **** 
 248:../../cpu/arm/mkl25z/./__arm_start.c **** 
 249:../../cpu/arm/mkl25z/./__arm_start.c **** 		//	call C++ static initializers
 250:../../cpu/arm/mkl25z/./__arm_start.c **** 
 251:../../cpu/arm/mkl25z/./__arm_start.c **** 		__call_static_initializers();
 105              		.loc 1 251 0
 106 0018 FFF7FEFF 		bl	__init_cpp	@
 107              	.LVL4:
 252:../../cpu/arm/mkl25z/./__arm_start.c **** 
 253:../../cpu/arm/mkl25z/./__arm_start.c **** 
 254:../../cpu/arm/mkl25z/./__arm_start.c **** 
 255:../../cpu/arm/mkl25z/./__arm_start.c **** 		// initializations before main, user specific
 256:../../cpu/arm/mkl25z/./__arm_start.c **** 
 257:../../cpu/arm/mkl25z/./__arm_start.c **** 		__init_user();
 108              		.loc 1 257 0
 109 001c FFF7FEFF 		bl	__init_user	@
 110              	.LVL5:
 258:../../cpu/arm/mkl25z/./__arm_start.c **** 
 259:../../cpu/arm/mkl25z/./__arm_start.c **** 
 260:../../cpu/arm/mkl25z/./__arm_start.c **** 
 261:../../cpu/arm/mkl25z/./__arm_start.c **** #if defined(__SEMIHOSTING)
 262:../../cpu/arm/mkl25z/./__arm_start.c **** 
 263:../../cpu/arm/mkl25z/./__arm_start.c **** 		// semihost initializations
 264:../../cpu/arm/mkl25z/./__arm_start.c **** 
 265:../../cpu/arm/mkl25z/./__arm_start.c **** 		__init_semihost();
 266:../../cpu/arm/mkl25z/./__arm_start.c **** 
 267:../../cpu/arm/mkl25z/./__arm_start.c **** #endif
 268:../../cpu/arm/mkl25z/./__arm_start.c **** 
 269:../../cpu/arm/mkl25z/./__arm_start.c **** 
 270:../../cpu/arm/mkl25z/./__arm_start.c **** 
 271:../../cpu/arm/mkl25z/./__arm_start.c **** 		//	call main(argc, &argv)
 272:../../cpu/arm/mkl25z/./__arm_start.c **** 
 273:../../cpu/arm/mkl25z/./__arm_start.c **** #if SUPPORT_SEMIHOST_ARGC_ARGV
 274:../../cpu/arm/mkl25z/./__arm_start.c **** 
 275:../../cpu/arm/mkl25z/./__arm_start.c **** 		exit(main(__argc_argv(argv, __MAX_CMDLINE_ARGS), argv));
 276:../../cpu/arm/mkl25z/./__arm_start.c **** 
 277:../../cpu/arm/mkl25z/./__arm_start.c **** #else
 278:../../cpu/arm/mkl25z/./__arm_start.c **** 
 279:../../cpu/arm/mkl25z/./__arm_start.c **** 		exit(main(0, argv));
 111              		.loc 1 279 0
 112 0020 0020     		mov	r0, #0	@,
 113 0022 0449     		ldr	r1, .L2+8	@,
 114 0024 FFF7FEFF 		bl	main	@
 115              	.LVL6:
 116 0028 FFF7FEFF 		bl	exit	@
 117              	.LVL7:
 118              	.L3:
 119              		.align	2
ARM GAS  /tmp/ccDnHhNl.s 			page 8


 120              	.L2:
 121 002c 00000000 		.word	__START_BSS
 122 0030 00000000 		.word	__END_BSS
 123 0034 00000000 		.word	.LANCHOR0
 124              		.cfi_endproc
 125              	.LFE2:
 126              		.size	__thumb_startup, .-__thumb_startup
 127              		.align	2
 128              		.global	__iar_program_start
 129              		.code	16
 130              		.thumb_func
 131              		.type	__iar_program_start, %function
 132              	__iar_program_start:
 133              	.LFB1:
 161:../../cpu/arm/mkl25z/./__arm_start.c **** {
 134              		.loc 1 161 0
 135              		.cfi_startproc
 163:../../cpu/arm/mkl25z/./__arm_start.c **** 	__thumb_startup();
 136              		.loc 1 163 0
 137 0038 FFF7FEFF 		bl	__thumb_startup	@
 138              	.LVL8:
 139              		.cfi_endproc
 140              	.LFE1:
 141              		.size	__iar_program_start, .-__iar_program_start
 142              		.bss
 143              		.align	2
 144              		.set	.LANCHOR0,. + 0
 145              		.type	argv, %object
 146              		.size	argv, 4
 147              	argv:
 148 0000 00000000 		.space	4
 149              		.text
 150              	.Letext0:
 151              		.file 2 "/home/glacsweb/arm-gcc/ARM_GCC_Support/ewl/EWL_C/include/cstdlib"
 152              		.section	.debug_info,"",%progbits
 153              	.Ldebug_info0:
 154 0000 57020000 		.4byte	0x257
 155 0004 0200     		.2byte	0x2
 156 0006 00000000 		.4byte	.Ldebug_abbrev0
 157 000a 04       		.byte	0x4
 158 000b 01       		.uleb128 0x1
 159 000c 7A010000 		.4byte	.LASF22
 160 0010 01       		.byte	0x1
 161 0011 15000000 		.4byte	.LASF23
 162 0015 31010000 		.4byte	.LASF24
 163 0019 00000000 		.4byte	.Ltext0
 164 001d 3C000000 		.4byte	.Letext0
 165 0021 00000000 		.4byte	.Ldebug_line0
 166 0025 02       		.uleb128 0x2
 167 0026 04       		.byte	0x4
 168 0027 07       		.byte	0x7
 169 0028 EA000000 		.4byte	.LASF0
 170 002c 03       		.uleb128 0x3
 171 002d 04       		.byte	0x4
 172 002e 05       		.byte	0x5
 173 002f 696E7400 		.ascii	"int\000"
 174 0033 02       		.uleb128 0x2
ARM GAS  /tmp/ccDnHhNl.s 			page 9


 175 0034 04       		.byte	0x4
 176 0035 05       		.byte	0x5
 177 0036 04020000 		.4byte	.LASF1
 178 003a 02       		.uleb128 0x2
 179 003b 01       		.byte	0x1
 180 003c 06       		.byte	0x6
 181 003d 1D020000 		.4byte	.LASF2
 182 0041 02       		.uleb128 0x2
 183 0042 02       		.byte	0x2
 184 0043 05       		.byte	0x5
 185 0044 64010000 		.4byte	.LASF3
 186 0048 02       		.uleb128 0x2
 187 0049 08       		.byte	0x8
 188 004a 05       		.byte	0x5
 189 004b 23010000 		.4byte	.LASF4
 190 004f 02       		.uleb128 0x2
 191 0050 01       		.byte	0x1
 192 0051 08       		.byte	0x8
 193 0052 65000000 		.4byte	.LASF5
 194 0056 02       		.uleb128 0x2
 195 0057 02       		.byte	0x2
 196 0058 07       		.byte	0x7
 197 0059 85000000 		.4byte	.LASF6
 198 005d 02       		.uleb128 0x2
 199 005e 04       		.byte	0x4
 200 005f 07       		.byte	0x7
 201 0060 73000000 		.4byte	.LASF7
 202 0064 02       		.uleb128 0x2
 203 0065 08       		.byte	0x8
 204 0066 07       		.byte	0x7
 205 0067 F7000000 		.4byte	.LASF8
 206 006b 02       		.uleb128 0x2
 207 006c 01       		.byte	0x1
 208 006d 08       		.byte	0x8
 209 006e 5F010000 		.4byte	.LASF9
 210 0072 04       		.uleb128 0x4
 211 0073 04       		.byte	0x4
 212 0074 05       		.uleb128 0x5
 213 0075 DC000000 		.4byte	.LASF25
 214 0079 01       		.byte	0x1
 215 007a 81       		.byte	0x81
 216 007b 01       		.byte	0x1
 217 007c 01       		.byte	0x1
 218 007d 9C000000 		.4byte	0x9c
 219 0081 06       		.uleb128 0x6
 220 0082 6E010000 		.4byte	.LASF10
 221 0086 01       		.byte	0x1
 222 0087 85       		.byte	0x85
 223 0088 9C000000 		.4byte	0x9c
 224 008c 01       		.byte	0x1
 225 008d 01       		.byte	0x1
 226 008e 06       		.uleb128 0x6
 227 008f D2000000 		.4byte	.LASF11
 228 0093 01       		.byte	0x1
 229 0094 87       		.byte	0x87
 230 0095 9C000000 		.4byte	0x9c
 231 0099 01       		.byte	0x1
ARM GAS  /tmp/ccDnHhNl.s 			page 10


 232 009a 01       		.byte	0x1
 233 009b 00       		.byte	0
 234 009c 07       		.uleb128 0x7
 235 009d 6B000000 		.4byte	0x6b
 236 00a1 A7000000 		.4byte	0xa7
 237 00a5 08       		.uleb128 0x8
 238 00a6 00       		.byte	0
 239 00a7 09       		.uleb128 0x9
 240 00a8 01       		.byte	0x1
 241 00a9 0D020000 		.4byte	.LASF12
 242 00ad 01       		.byte	0x1
 243 00ae AD       		.byte	0xad
 244 00af 01       		.byte	0x1
 245 00b0 00000000 		.4byte	.LFB2
 246 00b4 38000000 		.4byte	.LFE2
 247 00b8 02       		.byte	0x2
 248 00b9 7D       		.byte	0x7d
 249 00ba 00       		.sleb128 0
 250 00bb 01       		.byte	0x1
 251 00bc 4C010000 		.4byte	0x14c
 252 00c0 0A       		.uleb128 0xa
 253 00c1 74000000 		.4byte	0x74
 254 00c5 08000000 		.4byte	.LBB4
 255 00c9 14000000 		.4byte	.LBE4
 256 00cd 01       		.byte	0x1
 257 00ce DF       		.byte	0xdf
 258 00cf F9000000 		.4byte	0xf9
 259 00d3 0B       		.uleb128 0xb
 260 00d4 08000000 		.4byte	.LBB5
 261 00d8 14000000 		.4byte	.LBE5
 262 00dc 0C       		.uleb128 0xc
 263 00dd 81000000 		.4byte	0x81
 264 00e1 01       		.byte	0x1
 265 00e2 0C       		.uleb128 0xc
 266 00e3 8E000000 		.4byte	0x8e
 267 00e7 01       		.byte	0x1
 268 00e8 0D       		.uleb128 0xd
 269 00e9 14000000 		.4byte	.LVL2
 270 00ed C4010000 		.4byte	0x1c4
 271 00f1 0E       		.uleb128 0xe
 272 00f2 01       		.byte	0x1
 273 00f3 51       		.byte	0x51
 274 00f4 01       		.byte	0x1
 275 00f5 30       		.byte	0x30
 276 00f6 00       		.byte	0
 277 00f7 00       		.byte	0
 278 00f8 00       		.byte	0
 279 00f9 0F       		.uleb128 0xf
 280 00fa 04000000 		.4byte	.LVL0
 281 00fe E5010000 		.4byte	0x1e5
 282 0102 0F       		.uleb128 0xf
 283 0103 08000000 		.4byte	.LVL1
 284 0107 F4010000 		.4byte	0x1f4
 285 010b 0F       		.uleb128 0xf
 286 010c 18000000 		.4byte	.LVL3
 287 0110 03020000 		.4byte	0x203
 288 0114 0F       		.uleb128 0xf
ARM GAS  /tmp/ccDnHhNl.s 			page 11


 289 0115 1C000000 		.4byte	.LVL4
 290 0119 0D020000 		.4byte	0x20d
 291 011d 0F       		.uleb128 0xf
 292 011e 20000000 		.4byte	.LVL5
 293 0122 17020000 		.4byte	0x217
 294 0126 10       		.uleb128 0x10
 295 0127 28000000 		.4byte	.LVL6
 296 012b 26020000 		.4byte	0x226
 297 012f 42010000 		.4byte	0x142
 298 0133 0E       		.uleb128 0xe
 299 0134 01       		.byte	0x1
 300 0135 51       		.byte	0x51
 301 0136 05       		.byte	0x5
 302 0137 03       		.byte	0x3
 303 0138 00000000 		.4byte	.LANCHOR0
 304 013c 0E       		.uleb128 0xe
 305 013d 01       		.byte	0x1
 306 013e 50       		.byte	0x50
 307 013f 01       		.byte	0x1
 308 0140 30       		.byte	0x30
 309 0141 00       		.byte	0
 310 0142 0F       		.uleb128 0xf
 311 0143 2C000000 		.4byte	.LVL7
 312 0147 49020000 		.4byte	0x249
 313 014b 00       		.byte	0
 314 014c 09       		.uleb128 0x9
 315 014d 01       		.byte	0x1
 316 014e 98000000 		.4byte	.LASF13
 317 0152 01       		.byte	0x1
 318 0153 9F       		.byte	0x9f
 319 0154 01       		.byte	0x1
 320 0155 38000000 		.4byte	.LFB1
 321 0159 3C000000 		.4byte	.LFE1
 322 015d 02       		.byte	0x2
 323 015e 7D       		.byte	0x7d
 324 015f 00       		.sleb128 0
 325 0160 01       		.byte	0x1
 326 0161 6F010000 		.4byte	0x16f
 327 0165 0F       		.uleb128 0xf
 328 0166 3C000000 		.4byte	.LVL8
 329 016a A7000000 		.4byte	0xa7
 330 016e 00       		.byte	0
 331 016f 07       		.uleb128 0x7
 332 0170 86010000 		.4byte	0x186
 333 0174 7F010000 		.4byte	0x17f
 334 0178 11       		.uleb128 0x11
 335 0179 7F010000 		.4byte	0x17f
 336 017d 00       		.byte	0
 337 017e 00       		.byte	0
 338 017f 02       		.uleb128 0x2
 339 0180 04       		.byte	0x4
 340 0181 07       		.byte	0x7
 341 0182 0E010000 		.4byte	.LASF14
 342 0186 12       		.uleb128 0x12
 343 0187 04       		.byte	0x4
 344 0188 6B000000 		.4byte	0x6b
 345 018c 13       		.uleb128 0x13
ARM GAS  /tmp/ccDnHhNl.s 			page 12


 346 018d 10000000 		.4byte	.LASF26
 347 0191 01       		.byte	0x1
 348 0192 2D       		.byte	0x2d
 349 0193 6F010000 		.4byte	0x16f
 350 0197 05       		.byte	0x5
 351 0198 03       		.byte	0x3
 352 0199 00000000 		.4byte	argv
 353 019d 06       		.uleb128 0x6
 354 019e AC000000 		.4byte	.LASF15
 355 01a2 01       		.byte	0x1
 356 01a3 7B       		.byte	0x7b
 357 01a4 9C000000 		.4byte	0x9c
 358 01a8 01       		.byte	0x1
 359 01a9 01       		.byte	0x1
 360 01aa 06       		.uleb128 0x6
 361 01ab 6E010000 		.4byte	.LASF10
 362 01af 01       		.byte	0x1
 363 01b0 85       		.byte	0x85
 364 01b1 9C000000 		.4byte	0x9c
 365 01b5 01       		.byte	0x1
 366 01b6 01       		.byte	0x1
 367 01b7 06       		.uleb128 0x6
 368 01b8 D2000000 		.4byte	.LASF11
 369 01bc 01       		.byte	0x1
 370 01bd 87       		.byte	0x87
 371 01be 9C000000 		.4byte	0x9c
 372 01c2 01       		.byte	0x1
 373 01c3 01       		.byte	0x1
 374 01c4 14       		.uleb128 0x14
 375 01c5 01       		.byte	0x1
 376 01c6 B5000000 		.4byte	.LASF27
 377 01ca 01       		.byte	0x1
 378 01cb 72000000 		.4byte	0x72
 379 01cf 01       		.byte	0x1
 380 01d0 01       		.byte	0x1
 381 01d1 E5010000 		.4byte	0x1e5
 382 01d5 15       		.uleb128 0x15
 383 01d6 72000000 		.4byte	0x72
 384 01da 15       		.uleb128 0x15
 385 01db 2C000000 		.4byte	0x2c
 386 01df 15       		.uleb128 0x15
 387 01e0 7F010000 		.4byte	0x17f
 388 01e4 00       		.byte	0
 389 01e5 16       		.uleb128 0x16
 390 01e6 01       		.byte	0x1
 391 01e7 C1000000 		.4byte	.LASF16
 392 01eb 01       		.byte	0x1
 393 01ec 4F       		.byte	0x4f
 394 01ed 01       		.byte	0x1
 395 01ee F4010000 		.4byte	0x1f4
 396 01f2 17       		.uleb128 0x17
 397 01f3 00       		.byte	0
 398 01f4 16       		.uleb128 0x16
 399 01f5 01       		.byte	0x1
 400 01f6 3A000000 		.4byte	.LASF17
 401 01fa 01       		.byte	0x1
 402 01fb 51       		.byte	0x51
ARM GAS  /tmp/ccDnHhNl.s 			page 13


 403 01fc 01       		.byte	0x1
 404 01fd 03020000 		.4byte	0x203
 405 0201 17       		.uleb128 0x17
 406 0202 00       		.byte	0
 407 0203 18       		.uleb128 0x18
 408 0204 01       		.byte	0x1
 409 0205 4A000000 		.4byte	.LASF18
 410 0209 01       		.byte	0x1
 411 020a 79       		.byte	0x79
 412 020b 01       		.byte	0x1
 413 020c 01       		.byte	0x1
 414 020d 18       		.uleb128 0x18
 415 020e 01       		.byte	0x1
 416 020f 05000000 		.4byte	.LASF19
 417 0213 01       		.byte	0x1
 418 0214 41       		.byte	0x41
 419 0215 01       		.byte	0x1
 420 0216 01       		.byte	0x1
 421 0217 16       		.uleb128 0x16
 422 0218 01       		.byte	0x1
 423 0219 17010000 		.4byte	.LASF20
 424 021d 01       		.byte	0x1
 425 021e 53       		.byte	0x53
 426 021f 01       		.byte	0x1
 427 0220 26020000 		.4byte	0x226
 428 0224 17       		.uleb128 0x17
 429 0225 00       		.byte	0
 430 0226 19       		.uleb128 0x19
 431 0227 01       		.byte	0x1
 432 0228 BC000000 		.4byte	.LASF28
 433 022c 01       		.byte	0x1
 434 022d 43       		.byte	0x43
 435 022e 01       		.byte	0x1
 436 022f 2C000000 		.4byte	0x2c
 437 0233 01       		.byte	0x1
 438 0234 43020000 		.4byte	0x243
 439 0238 15       		.uleb128 0x15
 440 0239 2C000000 		.4byte	0x2c
 441 023d 15       		.uleb128 0x15
 442 023e 43020000 		.4byte	0x243
 443 0242 00       		.byte	0
 444 0243 12       		.uleb128 0x12
 445 0244 04       		.byte	0x4
 446 0245 86010000 		.4byte	0x186
 447 0249 1A       		.uleb128 0x1a
 448 024a 01       		.byte	0x1
 449 024b 00000000 		.4byte	.LASF21
 450 024f 02       		.byte	0x2
 451 0250 6101     		.2byte	0x161
 452 0252 01       		.byte	0x1
 453 0253 01       		.byte	0x1
 454 0254 15       		.uleb128 0x15
 455 0255 2C000000 		.4byte	0x2c
 456 0259 00       		.byte	0
 457 025a 00       		.byte	0
 458              		.section	.debug_abbrev,"",%progbits
 459              	.Ldebug_abbrev0:
ARM GAS  /tmp/ccDnHhNl.s 			page 14


 460 0000 01       		.uleb128 0x1
 461 0001 11       		.uleb128 0x11
 462 0002 01       		.byte	0x1
 463 0003 25       		.uleb128 0x25
 464 0004 0E       		.uleb128 0xe
 465 0005 13       		.uleb128 0x13
 466 0006 0B       		.uleb128 0xb
 467 0007 03       		.uleb128 0x3
 468 0008 0E       		.uleb128 0xe
 469 0009 1B       		.uleb128 0x1b
 470 000a 0E       		.uleb128 0xe
 471 000b 11       		.uleb128 0x11
 472 000c 01       		.uleb128 0x1
 473 000d 12       		.uleb128 0x12
 474 000e 01       		.uleb128 0x1
 475 000f 10       		.uleb128 0x10
 476 0010 06       		.uleb128 0x6
 477 0011 00       		.byte	0
 478 0012 00       		.byte	0
 479 0013 02       		.uleb128 0x2
 480 0014 24       		.uleb128 0x24
 481 0015 00       		.byte	0
 482 0016 0B       		.uleb128 0xb
 483 0017 0B       		.uleb128 0xb
 484 0018 3E       		.uleb128 0x3e
 485 0019 0B       		.uleb128 0xb
 486 001a 03       		.uleb128 0x3
 487 001b 0E       		.uleb128 0xe
 488 001c 00       		.byte	0
 489 001d 00       		.byte	0
 490 001e 03       		.uleb128 0x3
 491 001f 24       		.uleb128 0x24
 492 0020 00       		.byte	0
 493 0021 0B       		.uleb128 0xb
 494 0022 0B       		.uleb128 0xb
 495 0023 3E       		.uleb128 0x3e
 496 0024 0B       		.uleb128 0xb
 497 0025 03       		.uleb128 0x3
 498 0026 08       		.uleb128 0x8
 499 0027 00       		.byte	0
 500 0028 00       		.byte	0
 501 0029 04       		.uleb128 0x4
 502 002a 0F       		.uleb128 0xf
 503 002b 00       		.byte	0
 504 002c 0B       		.uleb128 0xb
 505 002d 0B       		.uleb128 0xb
 506 002e 00       		.byte	0
 507 002f 00       		.byte	0
 508 0030 05       		.uleb128 0x5
 509 0031 2E       		.uleb128 0x2e
 510 0032 01       		.byte	0x1
 511 0033 03       		.uleb128 0x3
 512 0034 0E       		.uleb128 0xe
 513 0035 3A       		.uleb128 0x3a
 514 0036 0B       		.uleb128 0xb
 515 0037 3B       		.uleb128 0x3b
 516 0038 0B       		.uleb128 0xb
ARM GAS  /tmp/ccDnHhNl.s 			page 15


 517 0039 27       		.uleb128 0x27
 518 003a 0C       		.uleb128 0xc
 519 003b 20       		.uleb128 0x20
 520 003c 0B       		.uleb128 0xb
 521 003d 01       		.uleb128 0x1
 522 003e 13       		.uleb128 0x13
 523 003f 00       		.byte	0
 524 0040 00       		.byte	0
 525 0041 06       		.uleb128 0x6
 526 0042 34       		.uleb128 0x34
 527 0043 00       		.byte	0
 528 0044 03       		.uleb128 0x3
 529 0045 0E       		.uleb128 0xe
 530 0046 3A       		.uleb128 0x3a
 531 0047 0B       		.uleb128 0xb
 532 0048 3B       		.uleb128 0x3b
 533 0049 0B       		.uleb128 0xb
 534 004a 49       		.uleb128 0x49
 535 004b 13       		.uleb128 0x13
 536 004c 3F       		.uleb128 0x3f
 537 004d 0C       		.uleb128 0xc
 538 004e 3C       		.uleb128 0x3c
 539 004f 0C       		.uleb128 0xc
 540 0050 00       		.byte	0
 541 0051 00       		.byte	0
 542 0052 07       		.uleb128 0x7
 543 0053 01       		.uleb128 0x1
 544 0054 01       		.byte	0x1
 545 0055 49       		.uleb128 0x49
 546 0056 13       		.uleb128 0x13
 547 0057 01       		.uleb128 0x1
 548 0058 13       		.uleb128 0x13
 549 0059 00       		.byte	0
 550 005a 00       		.byte	0
 551 005b 08       		.uleb128 0x8
 552 005c 21       		.uleb128 0x21
 553 005d 00       		.byte	0
 554 005e 00       		.byte	0
 555 005f 00       		.byte	0
 556 0060 09       		.uleb128 0x9
 557 0061 2E       		.uleb128 0x2e
 558 0062 01       		.byte	0x1
 559 0063 3F       		.uleb128 0x3f
 560 0064 0C       		.uleb128 0xc
 561 0065 03       		.uleb128 0x3
 562 0066 0E       		.uleb128 0xe
 563 0067 3A       		.uleb128 0x3a
 564 0068 0B       		.uleb128 0xb
 565 0069 3B       		.uleb128 0x3b
 566 006a 0B       		.uleb128 0xb
 567 006b 27       		.uleb128 0x27
 568 006c 0C       		.uleb128 0xc
 569 006d 11       		.uleb128 0x11
 570 006e 01       		.uleb128 0x1
 571 006f 12       		.uleb128 0x12
 572 0070 01       		.uleb128 0x1
 573 0071 40       		.uleb128 0x40
ARM GAS  /tmp/ccDnHhNl.s 			page 16


 574 0072 0A       		.uleb128 0xa
 575 0073 9742     		.uleb128 0x2117
 576 0075 0C       		.uleb128 0xc
 577 0076 01       		.uleb128 0x1
 578 0077 13       		.uleb128 0x13
 579 0078 00       		.byte	0
 580 0079 00       		.byte	0
 581 007a 0A       		.uleb128 0xa
 582 007b 1D       		.uleb128 0x1d
 583 007c 01       		.byte	0x1
 584 007d 31       		.uleb128 0x31
 585 007e 13       		.uleb128 0x13
 586 007f 11       		.uleb128 0x11
 587 0080 01       		.uleb128 0x1
 588 0081 12       		.uleb128 0x12
 589 0082 01       		.uleb128 0x1
 590 0083 58       		.uleb128 0x58
 591 0084 0B       		.uleb128 0xb
 592 0085 59       		.uleb128 0x59
 593 0086 0B       		.uleb128 0xb
 594 0087 01       		.uleb128 0x1
 595 0088 13       		.uleb128 0x13
 596 0089 00       		.byte	0
 597 008a 00       		.byte	0
 598 008b 0B       		.uleb128 0xb
 599 008c 0B       		.uleb128 0xb
 600 008d 01       		.byte	0x1
 601 008e 11       		.uleb128 0x11
 602 008f 01       		.uleb128 0x1
 603 0090 12       		.uleb128 0x12
 604 0091 01       		.uleb128 0x1
 605 0092 00       		.byte	0
 606 0093 00       		.byte	0
 607 0094 0C       		.uleb128 0xc
 608 0095 34       		.uleb128 0x34
 609 0096 00       		.byte	0
 610 0097 31       		.uleb128 0x31
 611 0098 13       		.uleb128 0x13
 612 0099 3C       		.uleb128 0x3c
 613 009a 0C       		.uleb128 0xc
 614 009b 00       		.byte	0
 615 009c 00       		.byte	0
 616 009d 0D       		.uleb128 0xd
 617 009e 898201   		.uleb128 0x4109
 618 00a1 01       		.byte	0x1
 619 00a2 11       		.uleb128 0x11
 620 00a3 01       		.uleb128 0x1
 621 00a4 31       		.uleb128 0x31
 622 00a5 13       		.uleb128 0x13
 623 00a6 00       		.byte	0
 624 00a7 00       		.byte	0
 625 00a8 0E       		.uleb128 0xe
 626 00a9 8A8201   		.uleb128 0x410a
 627 00ac 00       		.byte	0
 628 00ad 02       		.uleb128 0x2
 629 00ae 0A       		.uleb128 0xa
 630 00af 9142     		.uleb128 0x2111
ARM GAS  /tmp/ccDnHhNl.s 			page 17


 631 00b1 0A       		.uleb128 0xa
 632 00b2 00       		.byte	0
 633 00b3 00       		.byte	0
 634 00b4 0F       		.uleb128 0xf
 635 00b5 898201   		.uleb128 0x4109
 636 00b8 00       		.byte	0
 637 00b9 11       		.uleb128 0x11
 638 00ba 01       		.uleb128 0x1
 639 00bb 31       		.uleb128 0x31
 640 00bc 13       		.uleb128 0x13
 641 00bd 00       		.byte	0
 642 00be 00       		.byte	0
 643 00bf 10       		.uleb128 0x10
 644 00c0 898201   		.uleb128 0x4109
 645 00c3 01       		.byte	0x1
 646 00c4 11       		.uleb128 0x11
 647 00c5 01       		.uleb128 0x1
 648 00c6 31       		.uleb128 0x31
 649 00c7 13       		.uleb128 0x13
 650 00c8 01       		.uleb128 0x1
 651 00c9 13       		.uleb128 0x13
 652 00ca 00       		.byte	0
 653 00cb 00       		.byte	0
 654 00cc 11       		.uleb128 0x11
 655 00cd 21       		.uleb128 0x21
 656 00ce 00       		.byte	0
 657 00cf 49       		.uleb128 0x49
 658 00d0 13       		.uleb128 0x13
 659 00d1 2F       		.uleb128 0x2f
 660 00d2 0B       		.uleb128 0xb
 661 00d3 00       		.byte	0
 662 00d4 00       		.byte	0
 663 00d5 12       		.uleb128 0x12
 664 00d6 0F       		.uleb128 0xf
 665 00d7 00       		.byte	0
 666 00d8 0B       		.uleb128 0xb
 667 00d9 0B       		.uleb128 0xb
 668 00da 49       		.uleb128 0x49
 669 00db 13       		.uleb128 0x13
 670 00dc 00       		.byte	0
 671 00dd 00       		.byte	0
 672 00de 13       		.uleb128 0x13
 673 00df 34       		.uleb128 0x34
 674 00e0 00       		.byte	0
 675 00e1 03       		.uleb128 0x3
 676 00e2 0E       		.uleb128 0xe
 677 00e3 3A       		.uleb128 0x3a
 678 00e4 0B       		.uleb128 0xb
 679 00e5 3B       		.uleb128 0x3b
 680 00e6 0B       		.uleb128 0xb
 681 00e7 49       		.uleb128 0x49
 682 00e8 13       		.uleb128 0x13
 683 00e9 02       		.uleb128 0x2
 684 00ea 0A       		.uleb128 0xa
 685 00eb 00       		.byte	0
 686 00ec 00       		.byte	0
 687 00ed 14       		.uleb128 0x14
ARM GAS  /tmp/ccDnHhNl.s 			page 18


 688 00ee 2E       		.uleb128 0x2e
 689 00ef 01       		.byte	0x1
 690 00f0 3F       		.uleb128 0x3f
 691 00f1 0C       		.uleb128 0xc
 692 00f2 03       		.uleb128 0x3
 693 00f3 0E       		.uleb128 0xe
 694 00f4 27       		.uleb128 0x27
 695 00f5 0C       		.uleb128 0xc
 696 00f6 49       		.uleb128 0x49
 697 00f7 13       		.uleb128 0x13
 698 00f8 34       		.uleb128 0x34
 699 00f9 0C       		.uleb128 0xc
 700 00fa 3C       		.uleb128 0x3c
 701 00fb 0C       		.uleb128 0xc
 702 00fc 01       		.uleb128 0x1
 703 00fd 13       		.uleb128 0x13
 704 00fe 00       		.byte	0
 705 00ff 00       		.byte	0
 706 0100 15       		.uleb128 0x15
 707 0101 05       		.uleb128 0x5
 708 0102 00       		.byte	0
 709 0103 49       		.uleb128 0x49
 710 0104 13       		.uleb128 0x13
 711 0105 00       		.byte	0
 712 0106 00       		.byte	0
 713 0107 16       		.uleb128 0x16
 714 0108 2E       		.uleb128 0x2e
 715 0109 01       		.byte	0x1
 716 010a 3F       		.uleb128 0x3f
 717 010b 0C       		.uleb128 0xc
 718 010c 03       		.uleb128 0x3
 719 010d 0E       		.uleb128 0xe
 720 010e 3A       		.uleb128 0x3a
 721 010f 0B       		.uleb128 0xb
 722 0110 3B       		.uleb128 0x3b
 723 0111 0B       		.uleb128 0xb
 724 0112 3C       		.uleb128 0x3c
 725 0113 0C       		.uleb128 0xc
 726 0114 01       		.uleb128 0x1
 727 0115 13       		.uleb128 0x13
 728 0116 00       		.byte	0
 729 0117 00       		.byte	0
 730 0118 17       		.uleb128 0x17
 731 0119 18       		.uleb128 0x18
 732 011a 00       		.byte	0
 733 011b 00       		.byte	0
 734 011c 00       		.byte	0
 735 011d 18       		.uleb128 0x18
 736 011e 2E       		.uleb128 0x2e
 737 011f 00       		.byte	0
 738 0120 3F       		.uleb128 0x3f
 739 0121 0C       		.uleb128 0xc
 740 0122 03       		.uleb128 0x3
 741 0123 0E       		.uleb128 0xe
 742 0124 3A       		.uleb128 0x3a
 743 0125 0B       		.uleb128 0xb
 744 0126 3B       		.uleb128 0x3b
ARM GAS  /tmp/ccDnHhNl.s 			page 19


 745 0127 0B       		.uleb128 0xb
 746 0128 27       		.uleb128 0x27
 747 0129 0C       		.uleb128 0xc
 748 012a 3C       		.uleb128 0x3c
 749 012b 0C       		.uleb128 0xc
 750 012c 00       		.byte	0
 751 012d 00       		.byte	0
 752 012e 19       		.uleb128 0x19
 753 012f 2E       		.uleb128 0x2e
 754 0130 01       		.byte	0x1
 755 0131 3F       		.uleb128 0x3f
 756 0132 0C       		.uleb128 0xc
 757 0133 03       		.uleb128 0x3
 758 0134 0E       		.uleb128 0xe
 759 0135 3A       		.uleb128 0x3a
 760 0136 0B       		.uleb128 0xb
 761 0137 3B       		.uleb128 0x3b
 762 0138 0B       		.uleb128 0xb
 763 0139 27       		.uleb128 0x27
 764 013a 0C       		.uleb128 0xc
 765 013b 49       		.uleb128 0x49
 766 013c 13       		.uleb128 0x13
 767 013d 3C       		.uleb128 0x3c
 768 013e 0C       		.uleb128 0xc
 769 013f 01       		.uleb128 0x1
 770 0140 13       		.uleb128 0x13
 771 0141 00       		.byte	0
 772 0142 00       		.byte	0
 773 0143 1A       		.uleb128 0x1a
 774 0144 2E       		.uleb128 0x2e
 775 0145 01       		.byte	0x1
 776 0146 3F       		.uleb128 0x3f
 777 0147 0C       		.uleb128 0xc
 778 0148 03       		.uleb128 0x3
 779 0149 0E       		.uleb128 0xe
 780 014a 3A       		.uleb128 0x3a
 781 014b 0B       		.uleb128 0xb
 782 014c 3B       		.uleb128 0x3b
 783 014d 05       		.uleb128 0x5
 784 014e 27       		.uleb128 0x27
 785 014f 0C       		.uleb128 0xc
 786 0150 3C       		.uleb128 0x3c
 787 0151 0C       		.uleb128 0xc
 788 0152 00       		.byte	0
 789 0153 00       		.byte	0
 790 0154 00       		.byte	0
 791              		.section	.debug_aranges,"",%progbits
 792 0000 1C000000 		.4byte	0x1c
 793 0004 0200     		.2byte	0x2
 794 0006 00000000 		.4byte	.Ldebug_info0
 795 000a 04       		.byte	0x4
 796 000b 00       		.byte	0
 797 000c 0000     		.2byte	0
 798 000e 0000     		.2byte	0
 799 0010 00000000 		.4byte	.Ltext0
 800 0014 3C000000 		.4byte	.Letext0-.Ltext0
 801 0018 00000000 		.4byte	0
ARM GAS  /tmp/ccDnHhNl.s 			page 20


 802 001c 00000000 		.4byte	0
 803              		.section	.debug_line,"",%progbits
 804              	.Ldebug_line0:
 805 0000 AA000000 		.section	.debug_str,"MS",%progbits,1
 805      02007F00 
 805      00000201 
 805      FB0E0D00 
 805      01010101 
 806              	.LASF21:
 807 0000 65786974 		.ascii	"exit\000"
 807      00
 808              	.LASF19:
 809 0005 5F5F696E 		.ascii	"__init_cpp\000"
 809      69745F63 
 809      707000
 810              	.LASF26:
 811 0010 61726776 		.ascii	"argv\000"
 811      00
 812              	.LASF23:
 813 0015 2E2E2F2E 		.ascii	"../../cpu/arm/mkl25z/./__arm_start.c\000"
 813      2E2F6370 
 813      752F6172 
 813      6D2F6D6B 
 813      6C32357A 
 814              	.LASF17:
 815 003a 5F5F696E 		.ascii	"__init_hardware\000"
 815      69745F68 
 815      61726477 
 815      61726500 
 816              	.LASF18:
 817 004a 5F5F636F 		.ascii	"__copy_rom_sections_to_ram\000"
 817      70795F72 
 817      6F6D5F73 
 817      65637469 
 817      6F6E735F 
 818              	.LASF5:
 819 0065 756E7369 		.ascii	"unsigned char\000"
 819      676E6564 
 819      20636861 
 819      7200
 820              	.LASF7:
 821 0073 6C6F6E67 		.ascii	"long unsigned int\000"
 821      20756E73 
 821      69676E65 
 821      6420696E 
 821      7400
 822              	.LASF6:
 823 0085 73686F72 		.ascii	"short unsigned int\000"
 823      7420756E 
 823      7369676E 
 823      65642069 
 823      6E7400
 824              	.LASF13:
 825 0098 5F5F6961 		.ascii	"__iar_program_start\000"
 825      725F7072 
 825      6F677261 
 825      6D5F7374 
ARM GAS  /tmp/ccDnHhNl.s 			page 21


 825      61727400 
 826              	.LASF15:
 827 00ac 5F5F535F 		.ascii	"__S_romp\000"
 827      726F6D70 
 827      00
 828              	.LASF27:
 829 00b5 6D656D73 		.ascii	"memset\000"
 829      657400
 830              	.LASF28:
 831 00bc 6D61696E 		.ascii	"main\000"
 831      00
 832              	.LASF16:
 833 00c1 5F5F696E 		.ascii	"__init_registers\000"
 833      69745F72 
 833      65676973 
 833      74657273 
 833      00
 834              	.LASF11:
 835 00d2 5F5F454E 		.ascii	"__END_BSS\000"
 835      445F4253 
 835      5300
 836              	.LASF25:
 837 00dc 7A65726F 		.ascii	"zero_fill_bss\000"
 837      5F66696C 
 837      6C5F6273 
 837      7300
 838              	.LASF0:
 839 00ea 756E7369 		.ascii	"unsigned int\000"
 839      676E6564 
 839      20696E74 
 839      00
 840              	.LASF8:
 841 00f7 6C6F6E67 		.ascii	"long long unsigned int\000"
 841      206C6F6E 
 841      6720756E 
 841      7369676E 
 841      65642069 
 842              	.LASF14:
 843 010e 73697A65 		.ascii	"sizetype\000"
 843      74797065 
 843      00
 844              	.LASF20:
 845 0117 5F5F696E 		.ascii	"__init_user\000"
 845      69745F75 
 845      73657200 
 846              	.LASF4:
 847 0123 6C6F6E67 		.ascii	"long long int\000"
 847      206C6F6E 
 847      6720696E 
 847      7400
 848              	.LASF24:
 849 0131 2F686F6D 		.ascii	"/home/glacsweb/glacsweb/contiki/examples/rime\000"
 849      652F676C 
 849      61637377 
 849      65622F67 
 849      6C616373 
 850              	.LASF9:
ARM GAS  /tmp/ccDnHhNl.s 			page 22


 851 015f 63686172 		.ascii	"char\000"
 851      00
 852              	.LASF3:
 853 0164 73686F72 		.ascii	"short int\000"
 853      7420696E 
 853      7400
 854              	.LASF10:
 855 016e 5F5F5354 		.ascii	"__START_BSS\000"
 855      4152545F 
 855      42535300 
 856              	.LASF22:
 857 017a 474E5520 		.ascii	"GNU C 4.8.3 20131129 (release) [ARM/embedded-4_8-br"
 857      4320342E 
 857      382E3320 
 857      32303133 
 857      31313239 
 858 01ad 616E6368 		.ascii	"anch revision 205641] -mcpu=cortex-m0plus -mthumb -"
 858      20726576 
 858      6973696F 
 858      6E203230 
 858      35363431 
 859 01e0 67647761 		.ascii	"gdwarf-2 -g -O -fomit-frame-pointer\000"
 859      72662D32 
 859      202D6720 
 859      2D4F202D 
 859      666F6D69 
 860              	.LASF1:
 861 0204 6C6F6E67 		.ascii	"long int\000"
 861      20696E74 
 861      00
 862              	.LASF12:
 863 020d 5F5F7468 		.ascii	"__thumb_startup\000"
 863      756D625F 
 863      73746172 
 863      74757000 
 864              	.LASF2:
 865 021d 7369676E 		.ascii	"signed char\000"
 865      65642063 
 865      68617200 
 866              		.ident	"GCC: (GNU Tools for ARM Embedded Processors) 4.8.3 20131129 (release) [ARM/embedded-4_8-br
ARM GAS  /tmp/ccDnHhNl.s 			page 23


DEFINED SYMBOLS
                            *ABS*:00000000 __arm_start.c
     /tmp/ccDnHhNl.s:75     .text:00000000 $t
     /tmp/ccDnHhNl.s:80     .text:00000000 __thumb_startup
     /tmp/ccDnHhNl.s:121    .text:0000002c $d
     /tmp/ccDnHhNl.s:127    .text:00000038 $t
     /tmp/ccDnHhNl.s:132    .text:00000038 __iar_program_start
     /tmp/ccDnHhNl.s:143    .bss:00000000 $d
     /tmp/ccDnHhNl.s:147    .bss:00000000 argv
                     .debug_frame:00000010 $d

UNDEFINED SYMBOLS
__init_registers
__init_hardware
memset
__copy_rom_sections_to_ram
__init_cpp
__init_user
main
exit
__START_BSS
__END_BSS
